{"C:\\Users\\dasav\\Documents\\Coding Courses\\Make_It_Real\\Misiones\\14 Robot_Simulator_Test\\robot-simulator\\robot.js": {"path":"C:\\Users\\dasav\\Documents\\Coding Courses\\Make_It_Real\\Misiones\\14 Robot_Simulator_Test\\robot-simulator\\robot.js","statementMap":{"0":{"start":{"line":3,"column":15},"end":{"line":3,"column":21}},"1":{"start":{"line":4,"column":20},"end":{"line":4,"column":22}},"2":{"start":{"line":6,"column":2},"end":{"line":10,"column":3}},"3":{"start":{"line":7,"column":4},"end":{"line":7,"column":59}},"4":{"start":{"line":9,"column":4},"end":{"line":9,"column":24}},"5":{"start":{"line":12,"column":21},"end":{"line":12,"column":55}},"6":{"start":{"line":13,"column":25},"end":{"line":13,"column":55}},"7":{"start":{"line":15,"column":2},"end":{"line":19,"column":3}},"8":{"start":{"line":16,"column":4},"end":{"line":16,"column":59}},"9":{"start":{"line":18,"column":4},"end":{"line":18,"column":27}},"10":{"start":{"line":21,"column":2},"end":{"line":134,"column":5}},"11":{"start":{"line":24,"column":6},"end":{"line":24,"column":49}},"12":{"start":{"line":29,"column":18},"end":{"line":29,"column":19}},"13":{"start":{"line":30,"column":18},"end":{"line":30,"column":19}},"14":{"start":{"line":32,"column":6},"end":{"line":68,"column":9}},"15":{"start":{"line":34,"column":10},"end":{"line":34,"column":24}},"16":{"start":{"line":35,"column":10},"end":{"line":39,"column":11}},"17":{"start":{"line":36,"column":12},"end":{"line":36,"column":66}},"18":{"start":{"line":38,"column":12},"end":{"line":38,"column":21}},"19":{"start":{"line":40,"column":10},"end":{"line":40,"column":16}},"20":{"start":{"line":43,"column":10},"end":{"line":43,"column":24}},"21":{"start":{"line":44,"column":10},"end":{"line":48,"column":11}},"22":{"start":{"line":45,"column":12},"end":{"line":45,"column":66}},"23":{"start":{"line":47,"column":12},"end":{"line":47,"column":21}},"24":{"start":{"line":49,"column":10},"end":{"line":49,"column":16}},"25":{"start":{"line":52,"column":10},"end":{"line":52,"column":24}},"26":{"start":{"line":53,"column":10},"end":{"line":57,"column":11}},"27":{"start":{"line":54,"column":12},"end":{"line":54,"column":66}},"28":{"start":{"line":56,"column":12},"end":{"line":56,"column":21}},"29":{"start":{"line":58,"column":10},"end":{"line":58,"column":16}},"30":{"start":{"line":61,"column":10},"end":{"line":61,"column":24}},"31":{"start":{"line":62,"column":10},"end":{"line":66,"column":11}},"32":{"start":{"line":63,"column":12},"end":{"line":63,"column":66}},"33":{"start":{"line":65,"column":12},"end":{"line":65,"column":21}},"34":{"start":{"line":67,"column":10},"end":{"line":67,"column":16}},"35":{"start":{"line":73,"column":8},"end":{"line":89,"column":9}},"36":{"start":{"line":75,"column":12},"end":{"line":75,"column":33}},"37":{"start":{"line":76,"column":12},"end":{"line":76,"column":18}},"38":{"start":{"line":79,"column":12},"end":{"line":79,"column":33}},"39":{"start":{"line":80,"column":12},"end":{"line":80,"column":18}},"40":{"start":{"line":83,"column":12},"end":{"line":83,"column":34}},"41":{"start":{"line":84,"column":12},"end":{"line":84,"column":18}},"42":{"start":{"line":87,"column":12},"end":{"line":87,"column":34}},"43":{"start":{"line":88,"column":12},"end":{"line":88,"column":18}},"44":{"start":{"line":95,"column":8},"end":{"line":111,"column":9}},"45":{"start":{"line":97,"column":12},"end":{"line":97,"column":33}},"46":{"start":{"line":98,"column":12},"end":{"line":98,"column":18}},"47":{"start":{"line":101,"column":12},"end":{"line":101,"column":33}},"48":{"start":{"line":102,"column":12},"end":{"line":102,"column":18}},"49":{"start":{"line":105,"column":12},"end":{"line":105,"column":34}},"50":{"start":{"line":106,"column":12},"end":{"line":106,"column":18}},"51":{"start":{"line":109,"column":12},"end":{"line":109,"column":34}},"52":{"start":{"line":110,"column":12},"end":{"line":110,"column":18}},"53":{"start":{"line":117,"column":34},"end":{"line":117,"column":57}},"54":{"start":{"line":118,"column":8},"end":{"line":132,"column":10}},"55":{"start":{"line":119,"column":10},"end":{"line":131,"column":11}},"56":{"start":{"line":121,"column":14},"end":{"line":121,"column":29}},"57":{"start":{"line":122,"column":14},"end":{"line":122,"column":20}},"58":{"start":{"line":124,"column":14},"end":{"line":124,"column":31}},"59":{"start":{"line":125,"column":14},"end":{"line":125,"column":20}},"60":{"start":{"line":127,"column":14},"end":{"line":127,"column":30}},"61":{"start":{"line":128,"column":14},"end":{"line":128,"column":20}},"62":{"start":{"line":130,"column":14},"end":{"line":130,"column":108}},"63":{"start":{"line":137,"column":2},"end":{"line":137,"column":34}}},"fnMap":{"0":{"name":"createRobot","decl":{"start":{"line":1,"column":9},"end":{"line":1,"column":20}},"loc":{"start":{"line":1,"column":45},"end":{"line":135,"column":3}},"line":1},"1":{"name":"(anonymous_1)","decl":{"start":{"line":22,"column":17},"end":{"line":22,"column":18}},"loc":{"start":{"line":22,"column":23},"end":{"line":25,"column":5}},"line":22},"2":{"name":"(anonymous_2)","decl":{"start":{"line":27,"column":13},"end":{"line":27,"column":14}},"loc":{"start":{"line":27,"column":25},"end":{"line":69,"column":7}},"line":27},"3":{"name":"(anonymous_3)","decl":{"start":{"line":71,"column":17},"end":{"line":71,"column":18}},"loc":{"start":{"line":71,"column":29},"end":{"line":90,"column":7}},"line":71},"4":{"name":"(anonymous_4)","decl":{"start":{"line":92,"column":16},"end":{"line":92,"column":17}},"loc":{"start":{"line":92,"column":28},"end":{"line":112,"column":7}},"line":92},"5":{"name":"(anonymous_5)","decl":{"start":{"line":114,"column":20},"end":{"line":114,"column":21}},"loc":{"start":{"line":114,"column":50},"end":{"line":133,"column":7}},"line":114},"6":{"name":"(anonymous_6)","decl":{"start":{"line":118,"column":30},"end":{"line":118,"column":31}},"loc":{"start":{"line":118,"column":47},"end":{"line":132,"column":9}},"line":118}},"branchMap":{"0":{"loc":{"start":{"line":6,"column":2},"end":{"line":10,"column":3}},"type":"if","locations":[{"start":{"line":6,"column":2},"end":{"line":10,"column":3}},{"start":{"line":8,"column":9},"end":{"line":10,"column":3}}],"line":6},"1":{"loc":{"start":{"line":6,"column":6},"end":{"line":6,"column":40}},"type":"binary-expr","locations":[{"start":{"line":6,"column":6},"end":{"line":6,"column":12}},{"start":{"line":6,"column":16},"end":{"line":6,"column":21}},{"start":{"line":6,"column":25},"end":{"line":6,"column":31}},{"start":{"line":6,"column":35},"end":{"line":6,"column":40}}],"line":6},"2":{"loc":{"start":{"line":15,"column":2},"end":{"line":19,"column":3}},"type":"if","locations":[{"start":{"line":15,"column":2},"end":{"line":19,"column":3}},{"start":{"line":17,"column":9},"end":{"line":19,"column":3}}],"line":15},"3":{"loc":{"start":{"line":32,"column":6},"end":{"line":68,"column":9}},"type":"switch","locations":[{"start":{"line":33,"column":8},"end":{"line":40,"column":16}},{"start":{"line":42,"column":8},"end":{"line":49,"column":16}},{"start":{"line":51,"column":8},"end":{"line":58,"column":16}},{"start":{"line":60,"column":8},"end":{"line":67,"column":16}}],"line":32},"4":{"loc":{"start":{"line":35,"column":10},"end":{"line":39,"column":11}},"type":"if","locations":[{"start":{"line":35,"column":10},"end":{"line":39,"column":11}},{"start":{"line":37,"column":17},"end":{"line":39,"column":11}}],"line":35},"5":{"loc":{"start":{"line":35,"column":14},"end":{"line":35,"column":37}},"type":"binary-expr","locations":[{"start":{"line":35,"column":14},"end":{"line":35,"column":24}},{"start":{"line":35,"column":28},"end":{"line":35,"column":37}}],"line":35},"6":{"loc":{"start":{"line":44,"column":10},"end":{"line":48,"column":11}},"type":"if","locations":[{"start":{"line":44,"column":10},"end":{"line":48,"column":11}},{"start":{"line":46,"column":17},"end":{"line":48,"column":11}}],"line":44},"7":{"loc":{"start":{"line":44,"column":14},"end":{"line":44,"column":37}},"type":"binary-expr","locations":[{"start":{"line":44,"column":14},"end":{"line":44,"column":24}},{"start":{"line":44,"column":28},"end":{"line":44,"column":37}}],"line":44},"8":{"loc":{"start":{"line":53,"column":10},"end":{"line":57,"column":11}},"type":"if","locations":[{"start":{"line":53,"column":10},"end":{"line":57,"column":11}},{"start":{"line":55,"column":17},"end":{"line":57,"column":11}}],"line":53},"9":{"loc":{"start":{"line":53,"column":14},"end":{"line":53,"column":37}},"type":"binary-expr","locations":[{"start":{"line":53,"column":14},"end":{"line":53,"column":24}},{"start":{"line":53,"column":28},"end":{"line":53,"column":37}}],"line":53},"10":{"loc":{"start":{"line":62,"column":10},"end":{"line":66,"column":11}},"type":"if","locations":[{"start":{"line":62,"column":10},"end":{"line":66,"column":11}},{"start":{"line":64,"column":17},"end":{"line":66,"column":11}}],"line":62},"11":{"loc":{"start":{"line":62,"column":14},"end":{"line":62,"column":37}},"type":"binary-expr","locations":[{"start":{"line":62,"column":14},"end":{"line":62,"column":24}},{"start":{"line":62,"column":28},"end":{"line":62,"column":37}}],"line":62},"12":{"loc":{"start":{"line":73,"column":8},"end":{"line":89,"column":9}},"type":"switch","locations":[{"start":{"line":74,"column":10},"end":{"line":76,"column":18}},{"start":{"line":78,"column":10},"end":{"line":80,"column":18}},{"start":{"line":82,"column":10},"end":{"line":84,"column":18}},{"start":{"line":86,"column":10},"end":{"line":88,"column":18}}],"line":73},"13":{"loc":{"start":{"line":95,"column":8},"end":{"line":111,"column":9}},"type":"switch","locations":[{"start":{"line":96,"column":10},"end":{"line":98,"column":18}},{"start":{"line":100,"column":10},"end":{"line":102,"column":18}},{"start":{"line":104,"column":10},"end":{"line":106,"column":18}},{"start":{"line":108,"column":10},"end":{"line":110,"column":18}}],"line":95},"14":{"loc":{"start":{"line":119,"column":10},"end":{"line":131,"column":11}},"type":"switch","locations":[{"start":{"line":120,"column":12},"end":{"line":122,"column":20}},{"start":{"line":123,"column":12},"end":{"line":125,"column":20}},{"start":{"line":126,"column":12},"end":{"line":128,"column":20}},{"start":{"line":129,"column":12},"end":{"line":130,"column":108}}],"line":119}},"s":{"0":6,"1":6,"2":6,"3":0,"4":6,"5":6,"6":6,"7":6,"8":0,"9":6,"10":6,"11":8,"12":6,"13":6,"14":6,"15":3,"16":3,"17":1,"18":2,"19":2,"20":0,"21":0,"22":0,"23":0,"24":0,"25":3,"26":3,"27":0,"28":3,"29":3,"30":0,"31":0,"32":0,"33":0,"34":0,"35":4,"36":3,"37":3,"38":0,"39":0,"40":1,"41":1,"42":0,"43":0,"44":4,"45":2,"46":2,"47":0,"48":0,"49":1,"50":1,"51":1,"52":1,"53":1,"54":1,"55":6,"56":3,"57":3,"58":1,"59":1,"60":2,"61":2,"62":0,"63":1},"f":{"0":6,"1":8,"2":6,"3":4,"4":4,"5":1,"6":6},"b":{"0":[0,6],"1":[6,6,6,6],"2":[0,6],"3":[3,0,3,0],"4":[1,2],"5":[3,2],"6":[0,0],"7":[0,0],"8":[0,3],"9":[3,3],"10":[0,0],"11":[0,0],"12":[3,0,1,0],"13":[2,0,1,1],"14":[3,1,2,0]},"_coverageSchema":"1a1c01bbd47fc00a2c39e90264f33305004495a9","hash":"f2b31d79cbf6076f15af21a26377e6a0b2986a81"}
}
