TN:
SF:robot.js
FN:1,createRobot
FN:22,(anonymous_1)
FN:27,(anonymous_2)
FN:71,(anonymous_3)
FN:92,(anonymous_4)
FN:114,(anonymous_5)
FN:118,(anonymous_6)
FNF:7
FNH:7
FNDA:6,createRobot
FNDA:8,(anonymous_1)
FNDA:6,(anonymous_2)
FNDA:4,(anonymous_3)
FNDA:4,(anonymous_4)
FNDA:1,(anonymous_5)
FNDA:6,(anonymous_6)
DA:3,6
DA:4,6
DA:6,6
DA:7,0
DA:9,6
DA:12,6
DA:13,6
DA:15,6
DA:16,0
DA:18,6
DA:21,6
DA:24,8
DA:29,6
DA:30,6
DA:32,6
DA:34,3
DA:35,3
DA:36,1
DA:38,2
DA:40,2
DA:43,0
DA:44,0
DA:45,0
DA:47,0
DA:49,0
DA:52,3
DA:53,3
DA:54,0
DA:56,3
DA:58,3
DA:61,0
DA:62,0
DA:63,0
DA:65,0
DA:67,0
DA:73,4
DA:75,3
DA:76,3
DA:79,0
DA:80,0
DA:83,1
DA:84,1
DA:87,0
DA:88,0
DA:95,4
DA:97,2
DA:98,2
DA:101,0
DA:102,0
DA:105,1
DA:106,1
DA:109,1
DA:110,1
DA:117,1
DA:118,1
DA:119,6
DA:121,3
DA:122,3
DA:124,1
DA:125,1
DA:127,2
DA:128,2
DA:130,0
DA:137,1
LF:64
LH:44
BRDA:6,0,0,0
BRDA:6,0,1,6
BRDA:6,1,0,6
BRDA:6,1,1,6
BRDA:6,1,2,6
BRDA:6,1,3,6
BRDA:15,2,0,0
BRDA:15,2,1,6
BRDA:32,3,0,3
BRDA:32,3,1,0
BRDA:32,3,2,3
BRDA:32,3,3,0
BRDA:35,4,0,1
BRDA:35,4,1,2
BRDA:35,5,0,3
BRDA:35,5,1,2
BRDA:44,6,0,0
BRDA:44,6,1,0
BRDA:44,7,0,0
BRDA:44,7,1,0
BRDA:53,8,0,0
BRDA:53,8,1,3
BRDA:53,9,0,3
BRDA:53,9,1,3
BRDA:62,10,0,0
BRDA:62,10,1,0
BRDA:62,11,0,0
BRDA:62,11,1,0
BRDA:73,12,0,3
BRDA:73,12,1,0
BRDA:73,12,2,1
BRDA:73,12,3,0
BRDA:95,13,0,2
BRDA:95,13,1,0
BRDA:95,13,2,1
BRDA:95,13,3,1
BRDA:119,14,0,3
BRDA:119,14,1,1
BRDA:119,14,2,2
BRDA:119,14,3,0
BRF:40
BRH:23
end_of_record
